<?xml version="1.0" encoding="UTF-8"?>
<!-- Generated by org.testng.reporters.JUnitReportReporter -->
<testsuite hostname="DESKTOP-0N93FUU" failures="0" tests="2" name="packagebugtuitorial1.bugclasstuitorial2" time="6.452" errors="0" timestamp="2024-04-23T01:34:25 BDT" skipped="0">
  <testcase classname="packagebugtuitorial1.bugclasstuitorial2" name="page1" time="0.141"/>
  <testcase classname="packagebugtuitorial1.bugclasstuitorial2" name="login" time="6.311"/>
</testsuite> <!-- packagebugtuitorial1.bugclasstuitorial2 -->
